<?xml version="1.0" encoding="UTF-8"?>
<!-- Generated by org.testng.reporters.JUnitReportReporter -->
<testsuite hostname="LAPTOP-37UPUKI8" failures="0" tests="1" name="TestCases.UserMenuDropDown" time="13.003" errors="0" timestamp="2024-06-19T12:58:04 GMT-04:00" skipped="0">
  <testcase classname="TestCases.UserMenuDropDown" name="developersConsole" time="13.003"/>
  <system-out/>
</testsuite> <!-- TestCases.UserMenuDropDown -->
