<?xml version="1.0" encoding="UTF-8"?>
<!-- Generated by org.testng.reporters.JUnitReportReporter -->
<testsuite hostname="LAPTOP-37UPUKI8" failures="0" tests="1" name="TestCases.CreateOpty" time="35.465" errors="0" timestamp="2024-06-23T15:33:33 GMT-04:00" skipped="0">
  <testcase classname="TestCases.CreateOpty" name="StuckOptyReport" time="35.465"/>
  <system-out/>
</testsuite> <!-- TestCases.CreateOpty -->
