<?xml version="1.0" encoding="UTF-8"?>
<!-- Generated by org.testng.reporters.JUnitReportReporter -->
<testsuite hostname="LAPTOP-37UPUKI8" failures="0" tests="1" name="TestCases.SFDCLoginTestCases" time="7.722" errors="0" timestamp="2024-06-17T17:03:55 GMT-04:00" skipped="0">
  <testcase classname="TestCases.SFDCLoginTestCases" name="validateLoginErrorMessage" time="7.722"/>
  <system-out/>
</testsuite> <!-- TestCases.SFDCLoginTestCases -->
