<?xml version="1.0" encoding="UTF-8"?>
<!-- Generated by org.testng.reporters.JUnitReportReporter -->
<testsuite hostname="LAPTOP-37UPUKI8" failures="0" tests="1" name="TestCases.Contacts" time="16.850" errors="0" timestamp="2024-06-24T12:25:29 GMT-04:00" skipped="0">
  <testcase classname="TestCases.Contacts" name="SaveAndNewButton" time="16.850"/>
  <system-out/>
</testsuite> <!-- TestCases.Contacts -->
