<?xml version="1.0" encoding="UTF-8"?>
<!-- Generated by org.testng.reporters.JUnitReportReporter -->
<testsuite hostname="LAPTOP-37UPUKI8" failures="0" tests="1" name="TestCases.Leads" time="22.981" errors="0" timestamp="2024-06-23T23:37:38 GMT-04:00" skipped="0">
  <testcase classname="TestCases.Leads" name="NewLead" time="22.981"/>
  <system-out/>
</testsuite> <!-- TestCases.Leads -->
